  Line.cpp
E:\Χαραλαμπής\Άλλα\Coding\Projects\Math\Math\Line.h(152,2): warning C4346: '_vec': dependent name is not a type
E:\Χαραλαμπής\Άλλα\Coding\Projects\Math\Math\Line.h(152,2): message : prefix with 'typename' to indicate a type
E:\Χαραλαμπής\Άλλα\Coding\Projects\Math\Math\Line.h(152,28): error C2061: syntax error: identifier '_vec'
E:\Χαραλαμπής\Άλλα\Coding\Projects\Math\Math\Line.h(153,1): error C2143: syntax error: missing ';' before '{'
E:\Χαραλαμπής\Άλλα\Coding\Projects\Math\Math\Line.h(153,1): error C2447: '{': missing function header (old-style formal list?)
E:\Χαραλαμπής\Άλλα\Coding\Projects\Math\Math\Line.cpp(105,8): error C2280: 'math::Vector2<double> &math::Vector2<double>::operator =(const math::Vector2<double> &)': attempting to reference a deleted function
E:\Χαραλαμπής\Άλλα\Coding\Projects\Math\Math\Vector.h(89): message : compiler has generated 'math::Vector2<double>::operator =' here
E:\Χαραλαμπής\Άλλα\Coding\Projects\Math\Math\Vector.h(89,1): message : 'math::Vector2<double> &math::Vector2<double>::operator =(const math::Vector2<double> &)': function was implicitly deleted because 'math::Vector2<double>' has a data member 'math::Vector2<double>::y' of reference type
E:\Χαραλαμπής\Άλλα\Coding\Projects\Math\Math\Vector.h(77): message : see declaration of 'math::Vector2<double>::y'
  Matrix.cpp
E:\Χαραλαμπής\Άλλα\Coding\Projects\Math\Math\Matrix.h(364,3): warning C4984: 'if constexpr' is a C++17 language extension
E:\Χαραλαμπής\Άλλα\Coding\Projects\Math\Math\Matrix.h(532,3): warning C4984: 'if constexpr' is a C++17 language extension
E:\Χαραλαμπής\Άλλα\Coding\Projects\Math\Math\Matrix.h(562,3): warning C4984: 'if constexpr' is a C++17 language extension
E:\Χαραλαμπής\Άλλα\Coding\Projects\Math\Math\Matrix.h(447,27): error C2555: 'math::SquareMatrix<double,2>::SubMatrix': overriding virtual function return type differs and is not covariant from 'math::Matrix<Ty,2,2>::SubMatrix'
          with
          [
              Ty=double
          ]
E:\Χαραλαμπής\Άλλα\Coding\Projects\Math\Math\Matrix.h(78): message : see declaration of 'math::Matrix<Ty,2,2>::SubMatrix'
          with
          [
              Ty=double
          ]
E:\Χαραλαμπής\Άλλα\Coding\Projects\Math\Math\Matrix.cpp(4): message : see reference to class template instantiation 'math::SquareMatrix<double,2>' being compiled
E:\Χαραλαμπής\Άλλα\Coding\Projects\Math\Math\Matrix.h(447,27): error C2555: 'math::SquareMatrix<double,3>::SubMatrix': overriding virtual function return type differs and is not covariant from 'math::Matrix<Ty,3,3>::SubMatrix'
          with
          [
              Ty=double
          ]
E:\Χαραλαμπής\Άλλα\Coding\Projects\Math\Math\Matrix.h(78): message : see declaration of 'math::Matrix<Ty,3,3>::SubMatrix'
          with
          [
              Ty=double
          ]
E:\Χαραλαμπής\Άλλα\Coding\Projects\Math\Math\Matrix.cpp(12): message : see reference to class template instantiation 'math::SquareMatrix<double,3>' being compiled
  Source.cpp
  Generating Code...
